<?xml version="1.0" encoding="UTF-8"?>
<testng-results skipped="0" failed="0" total="2" passed="2">
  <reporter-output>
  </reporter-output>
  <suite name="Default suite" duration-ms="15" started-at="2022-03-16T07:55:12Z" finished-at="2022-03-16T07:55:12Z">
    <groups>
    </groups>
    <test name="Default test" duration-ms="15" started-at="2022-03-16T07:55:12Z" finished-at="2022-03-16T07:55:12Z">
      <class name="com.krn.Actitime.tasks.createCustomer">
        <test-method status="PASS" signature="openBrowser()[pri:0, instance:com.krn.Actitime.tasks.createCustomer@56f4468b]" name="openBrowser" is-config="true" duration-ms="5" started-at="2022-03-16T13:25:12Z" finished-at="2022-03-16T13:25:12Z">
          <reporter-output>
          </reporter-output>
        </test-method> <!-- openBrowser -->
        <test-method status="PASS" signature="testCreateCustomer()[pri:0, instance:com.krn.Actitime.tasks.createCustomer@56f4468b]" name="testCreateCustomer" duration-ms="1" started-at="2022-03-16T13:25:12Z" finished-at="2022-03-16T13:25:12Z">
          <reporter-output>
          </reporter-output>
        </test-method> <!-- testCreateCustomer -->
        <test-method status="PASS" signature="login()[pri:0, instance:com.krn.Actitime.tasks.createCustomer@56f4468b]" name="login" is-config="true" duration-ms="0" started-at="2022-03-16T13:25:12Z" finished-at="2022-03-16T13:25:12Z">
          <reporter-output>
          </reporter-output>
        </test-method> <!-- login -->
        <test-method status="PASS" signature="closBrowser()[pri:0, instance:com.krn.Actitime.tasks.createCustomer@56f4468b]" name="closBrowser" is-config="true" duration-ms="1" started-at="2022-03-16T13:25:12Z" finished-at="2022-03-16T13:25:12Z">
          <reporter-output>
          </reporter-output>
        </test-method> <!-- closBrowser -->
        <test-method status="PASS" signature="logout()[pri:0, instance:com.krn.Actitime.tasks.createCustomer@56f4468b]" name="logout" is-config="true" duration-ms="0" started-at="2022-03-16T13:25:12Z" finished-at="2022-03-16T13:25:12Z">
          <reporter-output>
          </reporter-output>
        </test-method> <!-- logout -->
      </class> <!-- com.krn.Actitime.tasks.createCustomer -->
      <class name="com.krn.Actitime.Users.createUser">
        <test-method status="PASS" signature="openBrowser()[pri:0, instance:com.krn.Actitime.Users.createUser@6cc4c815]" name="openBrowser" is-config="true" duration-ms="0" started-at="2022-03-16T13:25:12Z" finished-at="2022-03-16T13:25:12Z">
          <reporter-output>
          </reporter-output>
        </test-method> <!-- openBrowser -->
        <test-method status="PASS" signature="login()[pri:0, instance:com.krn.Actitime.Users.createUser@6cc4c815]" name="login" is-config="true" duration-ms="0" started-at="2022-03-16T13:25:12Z" finished-at="2022-03-16T13:25:12Z">
          <reporter-output>
          </reporter-output>
        </test-method> <!-- login -->
        <test-method status="PASS" signature="logout()[pri:0, instance:com.krn.Actitime.Users.createUser@6cc4c815]" name="logout" is-config="true" duration-ms="0" started-at="2022-03-16T13:25:12Z" finished-at="2022-03-16T13:25:12Z">
          <reporter-output>
          </reporter-output>
        </test-method> <!-- logout -->
        <test-method status="PASS" signature="closBrowser()[pri:0, instance:com.krn.Actitime.Users.createUser@6cc4c815]" name="closBrowser" is-config="true" duration-ms="0" started-at="2022-03-16T13:25:12Z" finished-at="2022-03-16T13:25:12Z">
          <reporter-output>
          </reporter-output>
        </test-method> <!-- closBrowser -->
        <test-method status="PASS" signature="testCreateUser()[pri:0, instance:com.krn.Actitime.Users.createUser@6cc4c815]" name="testCreateUser" duration-ms="0" started-at="2022-03-16T13:25:12Z" finished-at="2022-03-16T13:25:12Z">
          <reporter-output>
          </reporter-output>
        </test-method> <!-- testCreateUser -->
      </class> <!-- com.krn.Actitime.Users.createUser -->
    </test> <!-- Default test -->
  </suite> <!-- Default suite -->
</testng-results>
