<?xml version="1.0" encoding="UTF-8"?>
<testng-results skipped="0" failed="0" total="2" passed="2">
  <reporter-output>
  </reporter-output>
  <suite name="Default suite" duration-ms="25" started-at="2022-03-16T07:07:27Z" finished-at="2022-03-16T07:07:27Z">
    <groups>
    </groups>
    <test name="Default test" duration-ms="25" started-at="2022-03-16T07:07:27Z" finished-at="2022-03-16T07:07:27Z">
      <class name="com.krn.Actitime.tasks.createCustomer">
        <test-method status="PASS" signature="openBrowser()[pri:0, instance:com.krn.Actitime.tasks.createCustomer@3e6fa38a]" name="openBrowser" is-config="true" duration-ms="6" started-at="2022-03-16T12:37:27Z" finished-at="2022-03-16T12:37:27Z">
          <reporter-output>
          </reporter-output>
        </test-method> <!-- openBrowser -->
        <test-method status="PASS" signature="login()[pri:0, instance:com.krn.Actitime.tasks.createCustomer@3e6fa38a]" name="login" is-config="true" duration-ms="0" started-at="2022-03-16T12:37:27Z" finished-at="2022-03-16T12:37:27Z">
          <reporter-output>
          </reporter-output>
        </test-method> <!-- login -->
        <test-method status="PASS" signature="testCreateCustomer()[pri:0, instance:com.krn.Actitime.tasks.createCustomer@3e6fa38a]" name="testCreateCustomer" duration-ms="4" started-at="2022-03-16T12:37:27Z" finished-at="2022-03-16T12:37:27Z">
          <reporter-output>
          </reporter-output>
        </test-method> <!-- testCreateCustomer -->
        <test-method status="PASS" signature="logout()[pri:0, instance:com.krn.Actitime.tasks.createCustomer@3e6fa38a]" name="logout" is-config="true" duration-ms="0" started-at="2022-03-16T12:37:27Z" finished-at="2022-03-16T12:37:27Z">
          <reporter-output>
          </reporter-output>
        </test-method> <!-- logout -->
        <test-method status="PASS" signature="closBrowser()[pri:0, instance:com.krn.Actitime.tasks.createCustomer@3e6fa38a]" name="closBrowser" is-config="true" duration-ms="0" started-at="2022-03-16T12:37:27Z" finished-at="2022-03-16T12:37:27Z">
          <reporter-output>
          </reporter-output>
        </test-method> <!-- closBrowser -->
      </class> <!-- com.krn.Actitime.tasks.createCustomer -->
      <class name="com.krn.Actitime.Users.createUser">
        <test-method status="PASS" signature="openBrowser()[pri:0, instance:com.krn.Actitime.Users.createUser@66a3ffec]" name="openBrowser" is-config="true" duration-ms="0" started-at="2022-03-16T12:37:27Z" finished-at="2022-03-16T12:37:27Z">
          <reporter-output>
          </reporter-output>
        </test-method> <!-- openBrowser -->
        <test-method status="PASS" signature="testCreateUser()[pri:0, instance:com.krn.Actitime.Users.createUser@66a3ffec]" name="testCreateUser" duration-ms="1" started-at="2022-03-16T12:37:27Z" finished-at="2022-03-16T12:37:27Z">
          <reporter-output>
          </reporter-output>
        </test-method> <!-- testCreateUser -->
        <test-method status="PASS" signature="login()[pri:0, instance:com.krn.Actitime.Users.createUser@66a3ffec]" name="login" is-config="true" duration-ms="0" started-at="2022-03-16T12:37:27Z" finished-at="2022-03-16T12:37:27Z">
          <reporter-output>
          </reporter-output>
        </test-method> <!-- login -->
        <test-method status="PASS" signature="logout()[pri:0, instance:com.krn.Actitime.Users.createUser@66a3ffec]" name="logout" is-config="true" duration-ms="0" started-at="2022-03-16T12:37:27Z" finished-at="2022-03-16T12:37:27Z">
          <reporter-output>
          </reporter-output>
        </test-method> <!-- logout -->
        <test-method status="PASS" signature="closBrowser()[pri:0, instance:com.krn.Actitime.Users.createUser@66a3ffec]" name="closBrowser" is-config="true" duration-ms="1" started-at="2022-03-16T12:37:27Z" finished-at="2022-03-16T12:37:27Z">
          <reporter-output>
          </reporter-output>
        </test-method> <!-- closBrowser -->
      </class> <!-- com.krn.Actitime.Users.createUser -->
    </test> <!-- Default test -->
  </suite> <!-- Default suite -->
</testng-results>
